<?xml version="1.0" encoding="UTF-8"?>
<!-- Generated by org.testng.reporters.JUnitReportReporter -->
<testsuite skipped="0" hostname="Poojas-MacBook-Pro.local" name="testcases.TestingTestNg" tests="3" failures="0" timestamp="2022-09-06T21:08:33 PDT" time="0.009" errors="0">
  <testcase name="showNews" time="0.003" classname="testcases.TestingTestNg"/>
  <system-out/>
  <testcase name="doReg" time="0.001" classname="testcases.TestingTestNg"/>
  <system-out/>
  <testcase name="doLogin" time="0.005" classname="testcases.TestingTestNg"/>
  <system-out/>
</testsuite> <!-- testcases.TestingTestNg -->
