<?xml version="1.0" encoding="UTF-8"?>
<!-- Generated by org.testng.reporters.JUnitReportReporter -->
<testsuite skipped="0" hostname="Poojas-MacBook-Pro.local" name="extentreports.TestExtent" tests="3" failures="0" timestamp="2022-09-08T10:26:00 PDT" time="0.016" errors="0">
  <testcase name="readUpdates" time="0.013" classname="extentreports.TestExtent"/>
  <system-out/>
  <testcase name="DoReg" time="0.001" classname="extentreports.TestExtent"/>
  <system-out/>
  <testcase name="DoLogin" time="0.002" classname="extentreports.TestExtent"/>
  <system-out/>
</testsuite> <!-- extentreports.TestExtent -->
